Vivado Simulator v2024.1
Copyright 1986-2022 Xilinx, Inc. All Rights Reserved.
Copyright 2022-2024 Advanced Micro Devices, Inc. All Rights Reserved.
Running: D:/SOFTWARES/vivado2024/install/Vivado/2024.1/bin/unwrapped/win64.o/xelab.exe --incr --debug typical --relax --mt 2 -L xil_defaultlib -L unisims_ver -L unimacro_ver -L secureip --snapshot tb_LT_RO_entropy_behav xil_defaultlib.tb_LT_RO_entropy xil_defaultlib.glbl -log elaborate.log 
Using 2 slave threads.
Starting static elaboration
Pass Through NonSizing Optimizer
Completed static elaboration
Starting simulation data flow analysis
WARNING: [XSIM 43-4099] "D:/Github/tt_ihp26a_ringosc_stdcell/src/LT_RO_entropy.v" Line 4. Module LT_RO_entropy doesn't have a timescale but at least one module in design has a timescale.
WARNING: [XSIM 43-4099] "D:/Github/tt_ihp26a_ringosc_stdcell/src/LT_ring_osc_array.v" Line 1. Module LT_ring_osc_array doesn't have a timescale but at least one module in design has a timescale.
WARNING: [XSIM 43-4099] "D:/Github/tt_ihp26a_ringosc_stdcell/src/LT_ring_osc_array.v" Line 12. Module LT_ring_osc(DEPTH=2) doesn't have a timescale but at least one module in design has a timescale.
WARNING: [XSIM 43-4099] "D:/Github/tt_ihp26a_ringosc_stdcell/src/LT_inverter.v" Line 1. Module LT_inverter doesn't have a timescale but at least one module in design has a timescale.
WARNING: [XSIM 43-4099] "D:/Github/tt_ihp26a_ringosc_stdcell/src/LT_inverter.v" Line 1. Module LT_inverter doesn't have a timescale but at least one module in design has a timescale.
WARNING: [XSIM 43-4099] "D:/Github/tt_ihp26a_ringosc_stdcell/src/LT_inverter.v" Line 1. Module LT_inverter doesn't have a timescale but at least one module in design has a timescale.
WARNING: [XSIM 43-4099] "D:/Github/tt_ihp26a_ringosc_stdcell/src/LT_inverter.v" Line 1. Module LT_inverter doesn't have a timescale but at least one module in design has a timescale.
WARNING: [XSIM 43-4099] "D:/Github/tt_ihp26a_ringosc_stdcell/src/LT_inverter.v" Line 1. Module LT_inverter doesn't have a timescale but at least one module in design has a timescale.
WARNING: [XSIM 43-4099] "D:/Github/tt_ihp26a_ringosc_stdcell/src/LT_ring_osc_array.v" Line 12. Module LT_ring_osc(DEPTH=3) doesn't have a timescale but at least one module in design has a timescale.
WARNING: [XSIM 43-4099] "D:/Github/tt_ihp26a_ringosc_stdcell/src/LT_inverter.v" Line 1. Module LT_inverter doesn't have a timescale but at least one module in design has a timescale.
WARNING: [XSIM 43-4099] "D:/Github/tt_ihp26a_ringosc_stdcell/src/LT_inverter.v" Line 1. Module LT_inverter doesn't have a timescale but at least one module in design has a timescale.
WARNING: [XSIM 43-4099] "D:/Github/tt_ihp26a_ringosc_stdcell/src/LT_inverter.v" Line 1. Module LT_inverter doesn't have a timescale but at least one module in design has a timescale.
WARNING: [XSIM 43-4099] "D:/Github/tt_ihp26a_ringosc_stdcell/src/LT_inverter.v" Line 1. Module LT_inverter doesn't have a timescale but at least one module in design has a timescale.
WARNING: [XSIM 43-4099] "D:/Github/tt_ihp26a_ringosc_stdcell/src/LT_inverter.v" Line 1. Module LT_inverter doesn't have a timescale but at least one module in design has a timescale.
WARNING: [XSIM 43-4099] "D:/Github/tt_ihp26a_ringosc_stdcell/src/LT_inverter.v" Line 1. Module LT_inverter doesn't have a timescale but at least one module in design has a timescale.
WARNING: [XSIM 43-4099] "D:/Github/tt_ihp26a_ringosc_stdcell/src/LT_inverter.v" Line 1. Module LT_inverter doesn't have a timescale but at least one module in design has a timescale.
WARNING: [XSIM 43-4099] "D:/Github/tt_ihp26a_ringosc_stdcell/src/LT_ring_osc_array.v" Line 12. Module LT_ring_osc(DEPTH=1) doesn't have a timescale but at least one module in design has a timescale.
WARNING: [XSIM 43-4099] "D:/Github/tt_ihp26a_ringosc_stdcell/src/LT_inverter.v" Line 1. Module LT_inverter doesn't have a timescale but at least one module in design has a timescale.
WARNING: [XSIM 43-4099] "D:/Github/tt_ihp26a_ringosc_stdcell/src/LT_inverter.v" Line 1. Module LT_inverter doesn't have a timescale but at least one module in design has a timescale.
WARNING: [XSIM 43-4099] "D:/Github/tt_ihp26a_ringosc_stdcell/src/LT_inverter.v" Line 1. Module LT_inverter doesn't have a timescale but at least one module in design has a timescale.
WARNING: [XSIM 43-4099] "D:/Github/tt_ihp26a_ringosc_stdcell/src/LT_ring_osc_array.v" Line 12. Module LT_ring_osc(DEPTH=2) doesn't have a timescale but at least one module in design has a timescale.
WARNING: [XSIM 43-4099] "D:/Github/tt_ihp26a_ringosc_stdcell/src/LT_inverter.v" Line 1. Module LT_inverter doesn't have a timescale but at least one module in design has a timescale.
WARNING: [XSIM 43-4099] "D:/Github/tt_ihp26a_ringosc_stdcell/src/LT_inverter.v" Line 1. Module LT_inverter doesn't have a timescale but at least one module in design has a timescale.
WARNING: [XSIM 43-4099] "D:/Github/tt_ihp26a_ringosc_stdcell/src/LT_inverter.v" Line 1. Module LT_inverter doesn't have a timescale but at least one module in design has a timescale.
WARNING: [XSIM 43-4099] "D:/Github/tt_ihp26a_ringosc_stdcell/src/LT_inverter.v" Line 1. Module LT_inverter doesn't have a timescale but at least one module in design has a timescale.
WARNING: [XSIM 43-4099] "D:/Github/tt_ihp26a_ringosc_stdcell/src/LT_inverter.v" Line 1. Module LT_inverter doesn't have a timescale but at least one module in design has a timescale.
WARNING: [XSIM 43-4099] "D:/Github/tt_ihp26a_ringosc_stdcell/src/LT_sampler_xor.v" Line 1. Module LT_sampler_xor doesn't have a timescale but at least one module in design has a timescale.
WARNING: [XSIM 43-4099] "D:/Github/tt_ihp26a_ringosc_stdcell/src/LT_RO_entropy.v" Line 4. Module LT_RO_entropy doesn't have a timescale but at least one module in design has a timescale.
WARNING: [XSIM 43-4099] "D:/Github/tt_ihp26a_ringosc_stdcell/src/LT_ring_osc_array.v" Line 1. Module LT_ring_osc_array doesn't have a timescale but at least one module in design has a timescale.
WARNING: [XSIM 43-4099] "D:/Github/tt_ihp26a_ringosc_stdcell/src/LT_ring_osc_array.v" Line 12. Module LT_ring_osc(DEPTH=2) doesn't have a timescale but at least one module in design has a timescale.
WARNING: [XSIM 43-4099] "D:/Github/tt_ihp26a_ringosc_stdcell/src/LT_inverter.v" Line 1. Module LT_inverter doesn't have a timescale but at least one module in design has a timescale.
WARNING: [XSIM 43-4099] "D:/Github/tt_ihp26a_ringosc_stdcell/src/LT_inverter.v" Line 1. Module LT_inverter doesn't have a timescale but at least one module in design has a timescale.
WARNING: [XSIM 43-4099] "D:/Github/tt_ihp26a_ringosc_stdcell/src/LT_inverter.v" Line 1. Module LT_inverter doesn't have a timescale but at least one module in design has a timescale.
WARNING: [XSIM 43-4099] "D:/Github/tt_ihp26a_ringosc_stdcell/src/LT_inverter.v" Line 1. Module LT_inverter doesn't have a timescale but at least one module in design has a timescale.
WARNING: [XSIM 43-4099] "D:/Github/tt_ihp26a_ringosc_stdcell/src/LT_inverter.v" Line 1. Module LT_inverter doesn't have a timescale but at least one module in design has a timescale.
WARNING: [XSIM 43-4099] "D:/Github/tt_ihp26a_ringosc_stdcell/src/LT_ring_osc_array.v" Line 12. Module LT_ring_osc(DEPTH=3) doesn't have a timescale but at least one module in design has a timescale.
WARNING: [XSIM 43-4099] "D:/Github/tt_ihp26a_ringosc_stdcell/src/LT_inverter.v" Line 1. Module LT_inverter doesn't have a timescale but at least one module in design has a timescale.
WARNING: [XSIM 43-4099] "D:/Github/tt_ihp26a_ringosc_stdcell/src/LT_inverter.v" Line 1. Module LT_inverter doesn't have a timescale but at least one module in design has a timescale.
WARNING: [XSIM 43-4099] "D:/Github/tt_ihp26a_ringosc_stdcell/src/LT_inverter.v" Line 1. Module LT_inverter doesn't have a timescale but at least one module in design has a timescale.
WARNING: [XSIM 43-4099] "D:/Github/tt_ihp26a_ringosc_stdcell/src/LT_inverter.v" Line 1. Module LT_inverter doesn't have a timescale but at least one module in design has a timescale.
WARNING: [XSIM 43-4099] "D:/Github/tt_ihp26a_ringosc_stdcell/src/LT_inverter.v" Line 1. Module LT_inverter doesn't have a timescale but at least one module in design has a timescale.
WARNING: [XSIM 43-4099] "D:/Github/tt_ihp26a_ringosc_stdcell/src/LT_inverter.v" Line 1. Module LT_inverter doesn't have a timescale but at least one module in design has a timescale.
WARNING: [XSIM 43-4099] "D:/Github/tt_ihp26a_ringosc_stdcell/src/LT_inverter.v" Line 1. Module LT_inverter doesn't have a timescale but at least one module in design has a timescale.
WARNING: [XSIM 43-4099] "D:/Github/tt_ihp26a_ringosc_stdcell/src/LT_ring_osc_array.v" Line 12. Module LT_ring_osc(DEPTH=1) doesn't have a timescale but at least one module in design has a timescale.
WARNING: [XSIM 43-4099] "D:/Github/tt_ihp26a_ringosc_stdcell/src/LT_inverter.v" Line 1. Module LT_inverter doesn't have a timescale but at least one module in design has a timescale.
WARNING: [XSIM 43-4099] "D:/Github/tt_ihp26a_ringosc_stdcell/src/LT_inverter.v" Line 1. Module LT_inverter doesn't have a timescale but at least one module in design has a timescale.
WARNING: [XSIM 43-4099] "D:/Github/tt_ihp26a_ringosc_stdcell/src/LT_inverter.v" Line 1. Module LT_inverter doesn't have a timescale but at least one module in design has a timescale.
WARNING: [XSIM 43-4099] "D:/Github/tt_ihp26a_ringosc_stdcell/src/LT_ring_osc_array.v" Line 12. Module LT_ring_osc(DEPTH=2) doesn't have a timescale but at least one module in design has a timescale.
WARNING: [XSIM 43-4099] "D:/Github/tt_ihp26a_ringosc_stdcell/src/LT_inverter.v" Line 1. Module LT_inverter doesn't have a timescale but at least one module in design has a timescale.
WARNING: [XSIM 43-4099] "D:/Github/tt_ihp26a_ringosc_stdcell/src/LT_inverter.v" Line 1. Module LT_inverter doesn't have a timescale but at least one module in design has a timescale.
WARNING: [XSIM 43-4099] "D:/Github/tt_ihp26a_ringosc_stdcell/src/LT_inverter.v" Line 1. Module LT_inverter doesn't have a timescale but at least one module in design has a timescale.
WARNING: [XSIM 43-4099] "D:/Github/tt_ihp26a_ringosc_stdcell/src/LT_inverter.v" Line 1. Module LT_inverter doesn't have a timescale but at least one module in design has a timescale.
WARNING: [XSIM 43-4099] "D:/Github/tt_ihp26a_ringosc_stdcell/src/LT_inverter.v" Line 1. Module LT_inverter doesn't have a timescale but at least one module in design has a timescale.
WARNING: [XSIM 43-4099] "D:/Github/tt_ihp26a_ringosc_stdcell/src/LT_sampler_xor.v" Line 1. Module LT_sampler_xor doesn't have a timescale but at least one module in design has a timescale.
Completed simulation data flow analysis
Time Resolution for simulation is 1ps
Compiling module xil_defaultlib.sg13g2_inv_1
Compiling module xil_defaultlib.LT_inverter
Compiling module xil_defaultlib.LT_ring_osc(DEPTH=2)
Compiling module xil_defaultlib.LT_ring_osc(DEPTH=3)
Compiling module xil_defaultlib.LT_ring_osc(DEPTH=1)
Compiling module xil_defaultlib.LT_ring_osc_array
Compiling module xil_defaultlib.LT_sampler_xor
Compiling module xil_defaultlib.LT_RO_entropy
Compiling module xil_defaultlib.tb_LT_RO_entropy
Compiling module xil_defaultlib.glbl
Built simulation snapshot tb_LT_RO_entropy_behav
