Copyright 1986-2022 Xilinx, Inc. All Rights Reserved. Copyright 2022-2024 Advanced Micro Devices, Inc. All Rights Reserved.
------------------------------------------------------------------------------------------------------------------------------------------------------------------------------------------------------------------------------------
| Tool Version : Vivado v.2024.1 (win64) Build 5076996 Wed May 22 18:37:14 MDT 2024
| Date         : Sun Mar 22 22:42:05 2026
| Host         : GHOST running 64-bit major release  (build 9200)
| Command      : report_timing_summary -max_paths 10 -report_unconstrained -file LT_RO_entropy_timing_summary_routed.rpt -pb LT_RO_entropy_timing_summary_routed.pb -rpx LT_RO_entropy_timing_summary_routed.rpx -warn_on_violation
| Design       : LT_RO_entropy
| Device       : 7k70t-fbv676
| Speed File   : -1  PRODUCTION 1.12 2017-02-17
| Design State : Routed
------------------------------------------------------------------------------------------------------------------------------------------------------------------------------------------------------------------------------------

Timing Summary Report

------------------------------------------------------------------------------------------------
| Timer Settings
| --------------
------------------------------------------------------------------------------------------------

  Enable Multi Corner Analysis               :  Yes
  Enable Pessimism Removal                   :  Yes
  Pessimism Removal Resolution               :  Nearest Common Node
  Enable Input Delay Default Clock           :  No
  Enable Preset / Clear Arcs                 :  No
  Disable Flight Delays                      :  No
  Ignore I/O Paths                           :  No
  Timing Early Launch at Borrowing Latches   :  No
  Borrow Time for Max Delay Exceptions       :  Yes
  Merge Timing Exceptions                    :  Yes
  Inter-SLR Compensation                     :  Conservative

  Corner  Analyze    Analyze    
  Name    Max Paths  Min Paths  
  ------  ---------  ---------  
  Slow    Yes        Yes        
  Fast    Yes        Yes        


------------------------------------------------------------------------------------------------
| Report Methodology
| ------------------
------------------------------------------------------------------------------------------------

Rule       Severity          Description                  Violations  
---------  ----------------  ---------------------------  ----------  
TIMING-17  Critical Warning  Non-clocked sequential cell  16          
TIMING-23  Warning           Combinational loop found     1           

Note: This report is based on the most recent report_methodology run and may not be up-to-date. Run report_methodology on the current design for the latest report.



check_timing report

Table of Contents
-----------------
1. checking no_clock (16)
2. checking constant_clock (0)
3. checking pulse_width_clock (0)
4. checking unconstrained_internal_endpoints (32)
5. checking no_input_delay (1)
6. checking no_output_delay (1)
7. checking multiple_clock (0)
8. checking generated_clocks (0)
9. checking loops (1)
10. checking partial_input_delay (0)
11. checking partial_output_delay (0)
12. checking latch_loops (0)

1. checking no_clock (16)
-------------------------
 There are 16 register/latch pins with no clock driven by root clock pin: clk (HIGH)


2. checking constant_clock (0)
------------------------------
 There are 0 register/latch pins with constant_clock.


3. checking pulse_width_clock (0)
---------------------------------
 There are 0 register/latch pins which need pulse_width check


4. checking unconstrained_internal_endpoints (32)
-------------------------------------------------
 There are 32 pins that are not constrained for maximum delay. (HIGH)

 There are 0 pins that are not constrained for maximum delay due to constant clock.


5. checking no_input_delay (1)
------------------------------
 There is 1 input port with no input delay specified. (HIGH)

 There are 0 input ports with no input delay but user has a false path constraint.


6. checking no_output_delay (1)
-------------------------------
 There is 1 port with no output delay specified. (HIGH)

 There are 0 ports with no output delay but user has a false path constraint

 There are 0 ports with no output delay but with a timing clock defined on it or propagating through it


7. checking multiple_clock (0)
------------------------------
 There are 0 register/latch pins with multiple clocks.


8. checking generated_clocks (0)
--------------------------------
 There are 0 generated clocks that are not connected to a clock source.


9. checking loops (1)
---------------------
 There is 1 combinational loop in the design. (HIGH)


10. checking partial_input_delay (0)
------------------------------------
 There are 0 input ports with partial input delay specified.


11. checking partial_output_delay (0)
-------------------------------------
 There are 0 ports with partial output delay specified.


12. checking latch_loops (0)
----------------------------
 There are 0 combinational latch loops in the design through latch input



------------------------------------------------------------------------------------------------
| Design Timing Summary
| ---------------------
------------------------------------------------------------------------------------------------

    WNS(ns)      TNS(ns)  TNS Failing Endpoints  TNS Total Endpoints      WHS(ns)      THS(ns)  THS Failing Endpoints  THS Total Endpoints     WPWS(ns)     TPWS(ns)  TPWS Failing Endpoints  TPWS Total Endpoints  
    -------      -------  ---------------------  -------------------      -------      -------  ---------------------  -------------------     --------     --------  ----------------------  --------------------  
        inf        0.000                      0                   37          inf        0.000                      0                   37           NA           NA                      NA                    NA  


There are no user specified timing constraints.


------------------------------------------------------------------------------------------------
| Clock Summary
| -------------
------------------------------------------------------------------------------------------------


------------------------------------------------------------------------------------------------
| Intra Clock Table
| -----------------
------------------------------------------------------------------------------------------------

Clock             WNS(ns)      TNS(ns)  TNS Failing Endpoints  TNS Total Endpoints      WHS(ns)      THS(ns)  THS Failing Endpoints  THS Total Endpoints     WPWS(ns)     TPWS(ns)  TPWS Failing Endpoints  TPWS Total Endpoints  
-----             -------      -------  ---------------------  -------------------      -------      -------  ---------------------  -------------------     --------     --------  ----------------------  --------------------  


------------------------------------------------------------------------------------------------
| Inter Clock Table
| -----------------
------------------------------------------------------------------------------------------------

From Clock    To Clock          WNS(ns)      TNS(ns)  TNS Failing Endpoints  TNS Total Endpoints      WHS(ns)      THS(ns)  THS Failing Endpoints  THS Total Endpoints  
----------    --------          -------      -------  ---------------------  -------------------      -------      -------  ---------------------  -------------------  


------------------------------------------------------------------------------------------------
| Other Path Groups Table
| -----------------------
------------------------------------------------------------------------------------------------

Path Group    From Clock    To Clock          WNS(ns)      TNS(ns)  TNS Failing Endpoints  TNS Total Endpoints      WHS(ns)      THS(ns)  THS Failing Endpoints  THS Total Endpoints  
----------    ----------    --------          -------      -------  ---------------------  -------------------      -------      -------  ---------------------  -------------------  


------------------------------------------------------------------------------------------------
| User Ignored Path Table
| -----------------------
------------------------------------------------------------------------------------------------

Path Group    From Clock    To Clock    
----------    ----------    --------    


------------------------------------------------------------------------------------------------
| Unconstrained Path Table
| ------------------------
------------------------------------------------------------------------------------------------

Path Group    From Clock    To Clock    
----------    ----------    --------    
(none)                                    


------------------------------------------------------------------------------------------------
| Timing Details
| --------------
------------------------------------------------------------------------------------------------


--------------------------------------------------------------------------------------
Path Group:  (none)
From Clock:  
  To Clock:  

Max Delay            37 Endpoints
Min Delay            37 Endpoints
--------------------------------------------------------------------------------------


Max Delay Paths
--------------------------------------------------------------------------------------
Slack:                    inf
  Source:                 ena
                            (input port)
  Destination:            ro_out_final[3]
                            (output port)
  Path Group:             (none)
  Path Type:              Max at Slow Process Corner
  Data Path Delay:        6.521ns  (logic 3.516ns (53.917%)  route 3.005ns (46.083%))
  Logic Levels:           4  (IBUF=1 LUT2=1 LUT3=1 OBUF=1)

    Location             Delay type                Incr(ns)  Path(ns)    Netlist Resource(s)
  -------------------------------------------------------------------    -------------------
    P18                                               0.000     0.000 f  ena (IN)
                         net (fo=0)                   0.000     0.000    ena
    P18                  IBUF (Prop_ibuf_I_O)         0.819     0.819 f  ena_IBUF_inst/O
                         net (fo=2, routed)           0.833     1.651    ro_array/ring_array5_1/ena_IBUF
    SLICE_X0Y1           LUT2 (Prop_lut2_I1_O)        0.067     1.718 r  ro_array/ring_array5_1/inv_array[0]_i_1/O
                         net (fo=2, routed)           0.589     2.307    ro_array/ring_array5_1/inv_out[4]
    SLICE_X0Y1           LUT3 (Prop_lut3_I1_O)        0.170     2.477 r  ro_array/ring_array5_1/ro_out_final_OBUF[3]_inst_i_1/O
                         net (fo=4, routed)           1.583     4.061    ro_out_final_OBUF[0]
    N18                  OBUF (Prop_obuf_I_O)         2.460     6.521 r  ro_out_final_OBUF[3]_inst/O
                         net (fo=0)                   0.000     6.521    ro_out_final[3]
    N18                                                               r  ro_out_final[3] (OUT)
  -------------------------------------------------------------------    -------------------

Slack:                    inf
  Source:                 ena
                            (input port)
  Destination:            ro_out_final[2]
                            (output port)
  Path Group:             (none)
  Path Type:              Max at Slow Process Corner
  Data Path Delay:        6.418ns  (logic 3.516ns (54.790%)  route 2.902ns (45.210%))
  Logic Levels:           4  (IBUF=1 LUT2=1 LUT3=1 OBUF=1)

    Location             Delay type                Incr(ns)  Path(ns)    Netlist Resource(s)
  -------------------------------------------------------------------    -------------------
    P18                                               0.000     0.000 f  ena (IN)
                         net (fo=0)                   0.000     0.000    ena
    P18                  IBUF (Prop_ibuf_I_O)         0.819     0.819 f  ena_IBUF_inst/O
                         net (fo=2, routed)           0.833     1.651    ro_array/ring_array5_1/ena_IBUF
    SLICE_X0Y1           LUT2 (Prop_lut2_I1_O)        0.067     1.718 r  ro_array/ring_array5_1/inv_array[0]_i_1/O
                         net (fo=2, routed)           0.589     2.307    ro_array/ring_array5_1/inv_out[4]
    SLICE_X0Y1           LUT3 (Prop_lut3_I1_O)        0.170     2.477 r  ro_array/ring_array5_1/ro_out_final_OBUF[3]_inst_i_1/O
                         net (fo=4, routed)           1.480     3.957    ro_out_final_OBUF[0]
    M19                  OBUF (Prop_obuf_I_O)         2.461     6.418 r  ro_out_final_OBUF[2]_inst/O
                         net (fo=0)                   0.000     6.418    ro_out_final[2]
    M19                                                               r  ro_out_final[2] (OUT)
  -------------------------------------------------------------------    -------------------

Slack:                    inf
  Source:                 ena
                            (input port)
  Destination:            ro_out_final[1]
                            (output port)
  Path Group:             (none)
  Path Type:              Max at Slow Process Corner
  Data Path Delay:        6.264ns  (logic 3.473ns (55.443%)  route 2.791ns (44.557%))
  Logic Levels:           4  (IBUF=1 LUT2=1 LUT3=1 OBUF=1)

    Location             Delay type                Incr(ns)  Path(ns)    Netlist Resource(s)
  -------------------------------------------------------------------    -------------------
    P18                                               0.000     0.000 f  ena (IN)
                         net (fo=0)                   0.000     0.000    ena
    P18                  IBUF (Prop_ibuf_I_O)         0.819     0.819 f  ena_IBUF_inst/O
                         net (fo=2, routed)           0.833     1.651    ro_array/ring_array5_1/ena_IBUF
    SLICE_X0Y1           LUT2 (Prop_lut2_I1_O)        0.067     1.718 r  ro_array/ring_array5_1/inv_array[0]_i_1/O
                         net (fo=2, routed)           0.589     2.307    ro_array/ring_array5_1/inv_out[4]
    SLICE_X0Y1           LUT3 (Prop_lut3_I1_O)        0.170     2.477 r  ro_array/ring_array5_1/ro_out_final_OBUF[3]_inst_i_1/O
                         net (fo=4, routed)           1.370     3.847    ro_out_final_OBUF[0]
    U17                  OBUF (Prop_obuf_I_O)         2.417     6.264 r  ro_out_final_OBUF[1]_inst/O
                         net (fo=0)                   0.000     6.264    ro_out_final[1]
    U17                                                               r  ro_out_final[1] (OUT)
  -------------------------------------------------------------------    -------------------

Slack:                    inf
  Source:                 ena
                            (input port)
  Destination:            ro_out_final[0]
                            (output port)
  Path Group:             (none)
  Path Type:              Max at Slow Process Corner
  Data Path Delay:        6.156ns  (logic 3.475ns (56.451%)  route 2.681ns (43.549%))
  Logic Levels:           4  (IBUF=1 LUT2=1 LUT3=1 OBUF=1)

    Location             Delay type                Incr(ns)  Path(ns)    Netlist Resource(s)
  -------------------------------------------------------------------    -------------------
    P18                                               0.000     0.000 f  ena (IN)
                         net (fo=0)                   0.000     0.000    ena
    P18                  IBUF (Prop_ibuf_I_O)         0.819     0.819 f  ena_IBUF_inst/O
                         net (fo=2, routed)           0.833     1.651    ro_array/ring_array5_1/ena_IBUF
    SLICE_X0Y1           LUT2 (Prop_lut2_I1_O)        0.067     1.718 r  ro_array/ring_array5_1/inv_array[0]_i_1/O
                         net (fo=2, routed)           0.589     2.307    ro_array/ring_array5_1/inv_out[4]
    SLICE_X0Y1           LUT3 (Prop_lut3_I1_O)        0.170     2.477 r  ro_array/ring_array5_1/ro_out_final_OBUF[3]_inst_i_1/O
                         net (fo=4, routed)           1.259     3.736    ro_out_final_OBUF[0]
    T17                  OBUF (Prop_obuf_I_O)         2.419     6.156 r  ro_out_final_OBUF[0]_inst/O
                         net (fo=0)                   0.000     6.156    ro_out_final[0]
    T17                                                               r  ro_out_final[0] (OUT)
  -------------------------------------------------------------------    -------------------

Slack:                    inf
  Source:                 RO_XOR_sel
                            (input port)
  Destination:            entropy_out
                            (output port)
  Path Group:             (none)
  Path Type:              Max at Slow Process Corner
  Data Path Delay:        5.542ns  (logic 3.295ns (59.463%)  route 2.246ns (40.537%))
  Logic Levels:           3  (IBUF=1 LUT2=1 OBUF=1)

    Location             Delay type                Incr(ns)  Path(ns)    Netlist Resource(s)
  -------------------------------------------------------------------    -------------------
    U16                                               0.000     0.000 r  RO_XOR_sel (IN)
                         net (fo=0)                   0.000     0.000    RO_XOR_sel
    U16                  IBUF (Prop_ibuf_I_O)         0.802     0.802 r  RO_XOR_sel_IBUF_inst/O
                         net (fo=2, routed)           0.959     1.761    entropy_sampler/RO_XOR_sel_IBUF
    SLICE_X0Y3           LUT2 (Prop_lut2_I0_O)        0.053     1.814 r  entropy_sampler/entropy_out_OBUF_inst_i_1/O
                         net (fo=1, routed)           1.287     3.101    entropy_out_OBUF
    R17                  OBUF (Prop_obuf_I_O)         2.441     5.542 r  entropy_out_OBUF_inst/O
                         net (fo=0)                   0.000     5.542    entropy_out
    R17                                                               r  entropy_out (OUT)
  -------------------------------------------------------------------    -------------------

Slack:                    inf
  Source:                 rst_n
                            (input port)
  Destination:            entropy_sampler/lfsr_reg[10]/PRE
  Path Group:             (none)
  Path Type:              Max at Slow Process Corner
  Data Path Delay:        2.118ns  (logic 0.867ns (40.943%)  route 1.251ns (59.057%))
  Logic Levels:           2  (IBUF=1 LUT1=1)

    Location             Delay type                Incr(ns)  Path(ns)    Netlist Resource(s)
  -------------------------------------------------------------------    -------------------
    R18                                               0.000     0.000 r  rst_n (IN)
                         net (fo=0)                   0.000     0.000    rst_n
    R18                  IBUF (Prop_ibuf_I_O)         0.814     0.814 r  rst_n_IBUF_inst/O
                         net (fo=1, routed)           0.833     1.647    entropy_sampler/rst_n_IBUF
    SLICE_X0Y2           LUT1 (Prop_lut1_I0_O)        0.053     1.700 f  entropy_sampler/lfsr[15]_i_1/O
                         net (fo=16, routed)          0.418     2.118    entropy_sampler/lfsr[15]_i_1_n_0
    SLICE_X0Y2           FDPE                                         f  entropy_sampler/lfsr_reg[10]/PRE
  -------------------------------------------------------------------    -------------------

Slack:                    inf
  Source:                 rst_n
                            (input port)
  Destination:            entropy_sampler/lfsr_reg[11]/PRE
  Path Group:             (none)
  Path Type:              Max at Slow Process Corner
  Data Path Delay:        2.118ns  (logic 0.867ns (40.943%)  route 1.251ns (59.057%))
  Logic Levels:           2  (IBUF=1 LUT1=1)

    Location             Delay type                Incr(ns)  Path(ns)    Netlist Resource(s)
  -------------------------------------------------------------------    -------------------
    R18                                               0.000     0.000 r  rst_n (IN)
                         net (fo=0)                   0.000     0.000    rst_n
    R18                  IBUF (Prop_ibuf_I_O)         0.814     0.814 r  rst_n_IBUF_inst/O
                         net (fo=1, routed)           0.833     1.647    entropy_sampler/rst_n_IBUF
    SLICE_X0Y2           LUT1 (Prop_lut1_I0_O)        0.053     1.700 f  entropy_sampler/lfsr[15]_i_1/O
                         net (fo=16, routed)          0.418     2.118    entropy_sampler/lfsr[15]_i_1_n_0
    SLICE_X0Y2           FDPE                                         f  entropy_sampler/lfsr_reg[11]/PRE
  -------------------------------------------------------------------    -------------------

Slack:                    inf
  Source:                 rst_n
                            (input port)
  Destination:            entropy_sampler/lfsr_reg[12]/CLR
  Path Group:             (none)
  Path Type:              Max at Slow Process Corner
  Data Path Delay:        2.118ns  (logic 0.867ns (40.943%)  route 1.251ns (59.057%))
  Logic Levels:           2  (IBUF=1 LUT1=1)

    Location             Delay type                Incr(ns)  Path(ns)    Netlist Resource(s)
  -------------------------------------------------------------------    -------------------
    R18                                               0.000     0.000 r  rst_n (IN)
                         net (fo=0)                   0.000     0.000    rst_n
    R18                  IBUF (Prop_ibuf_I_O)         0.814     0.814 r  rst_n_IBUF_inst/O
                         net (fo=1, routed)           0.833     1.647    entropy_sampler/rst_n_IBUF
    SLICE_X0Y2           LUT1 (Prop_lut1_I0_O)        0.053     1.700 f  entropy_sampler/lfsr[15]_i_1/O
                         net (fo=16, routed)          0.418     2.118    entropy_sampler/lfsr[15]_i_1_n_0
    SLICE_X0Y2           FDCE                                         f  entropy_sampler/lfsr_reg[12]/CLR
  -------------------------------------------------------------------    -------------------

Slack:                    inf
  Source:                 rst_n
                            (input port)
  Destination:            entropy_sampler/lfsr_reg[13]/PRE
  Path Group:             (none)
  Path Type:              Max at Slow Process Corner
  Data Path Delay:        2.118ns  (logic 0.867ns (40.943%)  route 1.251ns (59.057%))
  Logic Levels:           2  (IBUF=1 LUT1=1)

    Location             Delay type                Incr(ns)  Path(ns)    Netlist Resource(s)
  -------------------------------------------------------------------    -------------------
    R18                                               0.000     0.000 r  rst_n (IN)
                         net (fo=0)                   0.000     0.000    rst_n
    R18                  IBUF (Prop_ibuf_I_O)         0.814     0.814 r  rst_n_IBUF_inst/O
                         net (fo=1, routed)           0.833     1.647    entropy_sampler/rst_n_IBUF
    SLICE_X0Y2           LUT1 (Prop_lut1_I0_O)        0.053     1.700 f  entropy_sampler/lfsr[15]_i_1/O
                         net (fo=16, routed)          0.418     2.118    entropy_sampler/lfsr[15]_i_1_n_0
    SLICE_X0Y2           FDPE                                         f  entropy_sampler/lfsr_reg[13]/PRE
  -------------------------------------------------------------------    -------------------

Slack:                    inf
  Source:                 rst_n
                            (input port)
  Destination:            entropy_sampler/lfsr_reg[0]/PRE
  Path Group:             (none)
  Path Type:              Max at Slow Process Corner
  Data Path Delay:        2.115ns  (logic 0.867ns (40.989%)  route 1.248ns (59.011%))
  Logic Levels:           2  (IBUF=1 LUT1=1)

    Location             Delay type                Incr(ns)  Path(ns)    Netlist Resource(s)
  -------------------------------------------------------------------    -------------------
    R18                                               0.000     0.000 r  rst_n (IN)
                         net (fo=0)                   0.000     0.000    rst_n
    R18                  IBUF (Prop_ibuf_I_O)         0.814     0.814 r  rst_n_IBUF_inst/O
                         net (fo=1, routed)           0.833     1.647    entropy_sampler/rst_n_IBUF
    SLICE_X0Y2           LUT1 (Prop_lut1_I0_O)        0.053     1.700 f  entropy_sampler/lfsr[15]_i_1/O
                         net (fo=16, routed)          0.415     2.115    entropy_sampler/lfsr[15]_i_1_n_0
    SLICE_X1Y2           FDPE                                         f  entropy_sampler/lfsr_reg[0]/PRE
  -------------------------------------------------------------------    -------------------





Min Delay Paths
--------------------------------------------------------------------------------------
Slack:                    inf
  Source:                 entropy_sampler/lfsr_reg[12]/C
                            (rising edge-triggered cell FDCE)
  Destination:            entropy_sampler/lfsr_reg[0]/D
  Path Group:             (none)
  Path Type:              Min at Fast Process Corner
  Data Path Delay:        0.195ns  (logic 0.128ns (65.659%)  route 0.067ns (34.341%))
  Logic Levels:           2  (FDCE=1 LUT4=1)

    Location             Delay type                Incr(ns)  Path(ns)    Netlist Resource(s)
  -------------------------------------------------------------------    -------------------
    SLICE_X0Y2           FDCE                         0.000     0.000 r  entropy_sampler/lfsr_reg[12]/C
    SLICE_X0Y2           FDCE (Prop_fdce_C_Q)         0.100     0.100 r  entropy_sampler/lfsr_reg[12]/Q
                         net (fo=2, routed)           0.067     0.167    entropy_sampler/lfsr_reg_n_0_[12]
    SLICE_X1Y2           LUT4 (Prop_lut4_I0_O)        0.028     0.195 r  entropy_sampler/p_0_out/O
                         net (fo=1, routed)           0.000     0.195    entropy_sampler/p_0_out__0[0]
    SLICE_X1Y2           FDPE                                         r  entropy_sampler/lfsr_reg[0]/D
  -------------------------------------------------------------------    -------------------

Slack:                    inf
  Source:                 entropy_sampler/lfsr_reg[14]/C
                            (rising edge-triggered cell FDCE)
  Destination:            entropy_sampler/lfsr_reg[15]/D
  Path Group:             (none)
  Path Type:              Min at Fast Process Corner
  Data Path Delay:        0.200ns  (logic 0.091ns (45.603%)  route 0.109ns (54.397%))
  Logic Levels:           1  (FDCE=1)

    Location             Delay type                Incr(ns)  Path(ns)    Netlist Resource(s)
  -------------------------------------------------------------------    -------------------
    SLICE_X1Y2           FDCE                         0.000     0.000 r  entropy_sampler/lfsr_reg[14]/C
    SLICE_X1Y2           FDCE (Prop_fdce_C_Q)         0.091     0.091 r  entropy_sampler/lfsr_reg[14]/Q
                         net (fo=1, routed)           0.109     0.200    entropy_sampler/lfsr_reg_n_0_[14]
    SLICE_X1Y2           FDPE                                         r  entropy_sampler/lfsr_reg[15]/D
  -------------------------------------------------------------------    -------------------

Slack:                    inf
  Source:                 entropy_sampler/lfsr_reg[0]/C
                            (rising edge-triggered cell FDPE)
  Destination:            entropy_sampler/entropy_bit_reg/D
  Path Group:             (none)
  Path Type:              Min at Fast Process Corner
  Data Path Delay:        0.204ns  (logic 0.100ns (48.969%)  route 0.104ns (51.031%))
  Logic Levels:           1  (FDPE=1)

    Location             Delay type                Incr(ns)  Path(ns)    Netlist Resource(s)
  -------------------------------------------------------------------    -------------------
    SLICE_X1Y2           FDPE                         0.000     0.000 r  entropy_sampler/lfsr_reg[0]/C
    SLICE_X1Y2           FDPE (Prop_fdpe_C_Q)         0.100     0.100 r  entropy_sampler/lfsr_reg[0]/Q
                         net (fo=1, routed)           0.104     0.204    entropy_sampler/lfsr_reg_n_0_[0]
    SLICE_X0Y3           FDCE                                         r  entropy_sampler/entropy_bit_reg/D
  -------------------------------------------------------------------    -------------------

Slack:                    inf
  Source:                 entropy_sampler/lfsr_reg[8]/C
                            (rising edge-triggered cell FDCE)
  Destination:            entropy_sampler/lfsr_reg[9]/D
  Path Group:             (none)
  Path Type:              Min at Fast Process Corner
  Data Path Delay:        0.246ns  (logic 0.100ns (40.671%)  route 0.146ns (59.329%))
  Logic Levels:           1  (FDCE=1)

    Location             Delay type                Incr(ns)  Path(ns)    Netlist Resource(s)
  -------------------------------------------------------------------    -------------------
    SLICE_X1Y3           FDCE                         0.000     0.000 r  entropy_sampler/lfsr_reg[8]/C
    SLICE_X1Y3           FDCE (Prop_fdce_C_Q)         0.100     0.100 r  entropy_sampler/lfsr_reg[8]/Q
                         net (fo=1, routed)           0.146     0.246    entropy_sampler/lfsr_reg_n_0_[8]
    SLICE_X1Y2           FDCE                                         r  entropy_sampler/lfsr_reg[9]/D
  -------------------------------------------------------------------    -------------------

Slack:                    inf
  Source:                 entropy_sampler/lfsr_reg[2]/C
                            (rising edge-triggered cell FDCE)
  Destination:            entropy_sampler/lfsr_reg[3]/D
  Path Group:             (none)
  Path Type:              Min at Fast Process Corner
  Data Path Delay:        0.255ns  (logic 0.100ns (39.265%)  route 0.155ns (60.735%))
  Logic Levels:           1  (FDCE=1)

    Location             Delay type                Incr(ns)  Path(ns)    Netlist Resource(s)
  -------------------------------------------------------------------    -------------------
    SLICE_X0Y3           FDCE                         0.000     0.000 r  entropy_sampler/lfsr_reg[2]/C
    SLICE_X0Y3           FDCE (Prop_fdce_C_Q)         0.100     0.100 r  entropy_sampler/lfsr_reg[2]/Q
                         net (fo=1, routed)           0.155     0.255    entropy_sampler/lfsr_reg_n_0_[2]
    SLICE_X0Y3           FDCE                                         r  entropy_sampler/lfsr_reg[3]/D
  -------------------------------------------------------------------    -------------------

Slack:                    inf
  Source:                 entropy_sampler/lfsr_reg[9]/C
                            (rising edge-triggered cell FDCE)
  Destination:            entropy_sampler/lfsr_reg[10]/D
  Path Group:             (none)
  Path Type:              Min at Fast Process Corner
  Data Path Delay:        0.266ns  (logic 0.100ns (37.603%)  route 0.166ns (62.397%))
  Logic Levels:           1  (FDCE=1)

    Location             Delay type                Incr(ns)  Path(ns)    Netlist Resource(s)
  -------------------------------------------------------------------    -------------------
    SLICE_X1Y2           FDCE                         0.000     0.000 r  entropy_sampler/lfsr_reg[9]/C
    SLICE_X1Y2           FDCE (Prop_fdce_C_Q)         0.100     0.100 r  entropy_sampler/lfsr_reg[9]/Q
                         net (fo=1, routed)           0.166     0.266    entropy_sampler/lfsr_reg_n_0_[9]
    SLICE_X0Y2           FDPE                                         r  entropy_sampler/lfsr_reg[10]/D
  -------------------------------------------------------------------    -------------------

Slack:                    inf
  Source:                 entropy_sampler/entropy_bit_reg/C
                            (rising edge-triggered cell FDCE)
  Destination:            entropy_sampler/lfsr_reg[2]/D
  Path Group:             (none)
  Path Type:              Min at Fast Process Corner
  Data Path Delay:        0.267ns  (logic 0.100ns (37.464%)  route 0.167ns (62.536%))
  Logic Levels:           1  (FDCE=1)

    Location             Delay type                Incr(ns)  Path(ns)    Netlist Resource(s)
  -------------------------------------------------------------------    -------------------
    SLICE_X0Y3           FDCE                         0.000     0.000 r  entropy_sampler/entropy_bit_reg/C
    SLICE_X0Y3           FDCE (Prop_fdce_C_Q)         0.100     0.100 r  entropy_sampler/entropy_bit_reg/Q
                         net (fo=2, routed)           0.167     0.267    entropy_sampler/entropy_bit
    SLICE_X0Y3           FDCE                                         r  entropy_sampler/lfsr_reg[2]/D
  -------------------------------------------------------------------    -------------------

Slack:                    inf
  Source:                 entropy_sampler/lfsr_reg[5]/C
                            (rising edge-triggered cell FDPE)
  Destination:            entropy_sampler/lfsr_reg[6]/D
  Path Group:             (none)
  Path Type:              Min at Fast Process Corner
  Data Path Delay:        0.278ns  (logic 0.100ns (35.969%)  route 0.178ns (64.031%))
  Logic Levels:           1  (FDPE=1)

    Location             Delay type                Incr(ns)  Path(ns)    Netlist Resource(s)
  -------------------------------------------------------------------    -------------------
    SLICE_X1Y3           FDPE                         0.000     0.000 r  entropy_sampler/lfsr_reg[5]/C
    SLICE_X1Y3           FDPE (Prop_fdpe_C_Q)         0.100     0.100 r  entropy_sampler/lfsr_reg[5]/Q
                         net (fo=1, routed)           0.178     0.278    entropy_sampler/lfsr_reg_n_0_[5]
    SLICE_X1Y3           FDPE                                         r  entropy_sampler/lfsr_reg[6]/D
  -------------------------------------------------------------------    -------------------

Slack:                    inf
  Source:                 entropy_sampler/lfsr_reg[11]/C
                            (rising edge-triggered cell FDPE)
  Destination:            entropy_sampler/lfsr_reg[12]/D
  Path Group:             (none)
  Path Type:              Min at Fast Process Corner
  Data Path Delay:        0.279ns  (logic 0.100ns (35.810%)  route 0.179ns (64.190%))
  Logic Levels:           1  (FDPE=1)

    Location             Delay type                Incr(ns)  Path(ns)    Netlist Resource(s)
  -------------------------------------------------------------------    -------------------
    SLICE_X0Y2           FDPE                         0.000     0.000 r  entropy_sampler/lfsr_reg[11]/C
    SLICE_X0Y2           FDPE (Prop_fdpe_C_Q)         0.100     0.100 r  entropy_sampler/lfsr_reg[11]/Q
                         net (fo=1, routed)           0.179     0.279    entropy_sampler/lfsr_reg_n_0_[11]
    SLICE_X0Y2           FDCE                                         r  entropy_sampler/lfsr_reg[12]/D
  -------------------------------------------------------------------    -------------------

Slack:                    inf
  Source:                 entropy_sampler/lfsr_reg[4]/C
                            (rising edge-triggered cell FDCE)
  Destination:            entropy_sampler/lfsr_reg[5]/D
  Path Group:             (none)
  Path Type:              Min at Fast Process Corner
  Data Path Delay:        0.326ns  (logic 0.100ns (30.704%)  route 0.226ns (69.296%))
  Logic Levels:           1  (FDCE=1)

    Location             Delay type                Incr(ns)  Path(ns)    Netlist Resource(s)
  -------------------------------------------------------------------    -------------------
    SLICE_X0Y3           FDCE                         0.000     0.000 r  entropy_sampler/lfsr_reg[4]/C
    SLICE_X0Y3           FDCE (Prop_fdce_C_Q)         0.100     0.100 r  entropy_sampler/lfsr_reg[4]/Q
                         net (fo=1, routed)           0.226     0.326    entropy_sampler/lfsr_reg_n_0_[4]
    SLICE_X1Y3           FDPE                                         r  entropy_sampler/lfsr_reg[5]/D
  -------------------------------------------------------------------    -------------------





