Vivado Simulator v2024.1
Copyright 1986-2022 Xilinx, Inc. All Rights Reserved.
Copyright 2022-2024 Advanced Micro Devices, Inc. All Rights Reserved.
Running: D:/SOFTWARES/vivado2024/install/Vivado/2024.1/bin/unwrapped/win64.o/xelab.exe --incr --debug typical --relax --mt 2 -L xil_defaultlib -L unisims_ver -L unimacro_ver -L secureip --snapshot tb_tt_um_ihp26a_ring_osc_behav xil_defaultlib.tb_tt_um_ihp26a_ring_osc xil_defaultlib.glbl -log elaborate.log 
Using 2 slave threads.
Starting static elaboration
Pass Through NonSizing Optimizer
Completed static elaboration
Starting simulation data flow analysis
WARNING: [XSIM 43-4099] "D:/Github/tt_ihp26a_ringosc_stdcell/src/project.v" Line 8. Module tt_um_ihp26a_ring_osc doesn't have a timescale but at least one module in design has a timescale.
WARNING: [XSIM 43-4099] "D:/Github/tt_ihp26a_ringosc_stdcell/src/ring_osc.v" Line 23. Module ring_osc(DEPTH=1) doesn't have a timescale but at least one module in design has a timescale.
WARNING: [XSIM 43-4099] "D:/Github/tt_ihp26a_ringosc_stdcell/src/ring_osc.v" Line 11. Module amm_inverter doesn't have a timescale but at least one module in design has a timescale.
WARNING: [XSIM 43-4099] "D:/Github/tt_ihp26a_ringosc_stdcell/src/ring_osc.v" Line 11. Module amm_inverter doesn't have a timescale but at least one module in design has a timescale.
WARNING: [XSIM 43-4099] "D:/Github/tt_ihp26a_ringosc_stdcell/src/ring_osc.v" Line 11. Module amm_inverter doesn't have a timescale but at least one module in design has a timescale.
WARNING: [XSIM 43-4099] "D:/Github/tt_ihp26a_ringosc_stdcell/src/ring_osc.v" Line 23. Module ring_osc(DEPTH=62) doesn't have a timescale but at least one module in design has a timescale.
WARNING: [XSIM 43-4099] "D:/Github/tt_ihp26a_ringosc_stdcell/src/ring_osc.v" Line 11. Module amm_inverter doesn't have a timescale but at least one module in design has a timescale.
WARNING: [XSIM 43-4099] "D:/Github/tt_ihp26a_ringosc_stdcell/src/ring_osc.v" Line 11. Module amm_inverter doesn't have a timescale but at least one module in design has a timescale.
WARNING: [XSIM 43-4099] "D:/Github/tt_ihp26a_ringosc_stdcell/src/ring_osc.v" Line 11. Module amm_inverter doesn't have a timescale but at least one module in design has a timescale.
WARNING: [XSIM 43-4099] "D:/Github/tt_ihp26a_ringosc_stdcell/src/ring_osc.v" Line 11. Module amm_inverter doesn't have a timescale but at least one module in design has a timescale.
WARNING: [XSIM 43-4099] "D:/Github/tt_ihp26a_ringosc_stdcell/src/ring_osc.v" Line 11. Module amm_inverter doesn't have a timescale but at least one module in design has a timescale.
WARNING: [XSIM 43-4099] "D:/Github/tt_ihp26a_ringosc_stdcell/src/ring_osc.v" Line 11. Module amm_inverter doesn't have a timescale but at least one module in design has a timescale.
WARNING: [XSIM 43-4099] "D:/Github/tt_ihp26a_ringosc_stdcell/src/ring_osc.v" Line 11. Module amm_inverter doesn't have a timescale but at least one module in design has a timescale.
WARNING: [XSIM 43-4099] "D:/Github/tt_ihp26a_ringosc_stdcell/src/ring_osc.v" Line 11. Module amm_inverter doesn't have a timescale but at least one module in design has a timescale.
WARNING: [XSIM 43-4099] "D:/Github/tt_ihp26a_ringosc_stdcell/src/ring_osc.v" Line 11. Module amm_inverter doesn't have a timescale but at least one module in design has a timescale.
WARNING: [XSIM 43-4099] "D:/Github/tt_ihp26a_ringosc_stdcell/src/ring_osc.v" Line 11. Module amm_inverter doesn't have a timescale but at least one module in design has a timescale.
WARNING: [XSIM 43-4099] "D:/Github/tt_ihp26a_ringosc_stdcell/src/ring_osc.v" Line 11. Module amm_inverter doesn't have a timescale but at least one module in design has a timescale.
WARNING: [XSIM 43-4099] "D:/Github/tt_ihp26a_ringosc_stdcell/src/ring_osc.v" Line 11. Module amm_inverter doesn't have a timescale but at least one module in design has a timescale.
WARNING: [XSIM 43-4099] "D:/Github/tt_ihp26a_ringosc_stdcell/src/ring_osc.v" Line 11. Module amm_inverter doesn't have a timescale but at least one module in design has a timescale.
WARNING: [XSIM 43-4099] "D:/Github/tt_ihp26a_ringosc_stdcell/src/ring_osc.v" Line 11. Module amm_inverter doesn't have a timescale but at least one module in design has a timescale.
WARNING: [XSIM 43-4099] "D:/Github/tt_ihp26a_ringosc_stdcell/src/ring_osc.v" Line 11. Module amm_inverter doesn't have a timescale but at least one module in design has a timescale.
WARNING: [XSIM 43-4099] "D:/Github/tt_ihp26a_ringosc_stdcell/src/ring_osc.v" Line 11. Module amm_inverter doesn't have a timescale but at least one module in design has a timescale.
WARNING: [XSIM 43-4099] "D:/Github/tt_ihp26a_ringosc_stdcell/src/ring_osc.v" Line 11. Module amm_inverter doesn't have a timescale but at least one module in design has a timescale.
WARNING: [XSIM 43-4099] "D:/Github/tt_ihp26a_ringosc_stdcell/src/ring_osc.v" Line 11. Module amm_inverter doesn't have a timescale but at least one module in design has a timescale.
WARNING: [XSIM 43-4099] "D:/Github/tt_ihp26a_ringosc_stdcell/src/ring_osc.v" Line 11. Module amm_inverter doesn't have a timescale but at least one module in design has a timescale.
WARNING: [XSIM 43-4099] "D:/Github/tt_ihp26a_ringosc_stdcell/src/ring_osc.v" Line 11. Module amm_inverter doesn't have a timescale but at least one module in design has a timescale.
WARNING: [XSIM 43-4099] "D:/Github/tt_ihp26a_ringosc_stdcell/src/ring_osc.v" Line 11. Module amm_inverter doesn't have a timescale but at least one module in design has a timescale.
WARNING: [XSIM 43-4099] "D:/Github/tt_ihp26a_ringosc_stdcell/src/ring_osc.v" Line 11. Module amm_inverter doesn't have a timescale but at least one module in design has a timescale.
WARNING: [XSIM 43-4099] "D:/Github/tt_ihp26a_ringosc_stdcell/src/ring_osc.v" Line 11. Module amm_inverter doesn't have a timescale but at least one module in design has a timescale.
WARNING: [XSIM 43-4099] "D:/Github/tt_ihp26a_ringosc_stdcell/src/ring_osc.v" Line 11. Module amm_inverter doesn't have a timescale but at least one module in design has a timescale.
WARNING: [XSIM 43-4099] "D:/Github/tt_ihp26a_ringosc_stdcell/src/ring_osc.v" Line 11. Module amm_inverter doesn't have a timescale but at least one module in design has a timescale.
WARNING: [XSIM 43-4099] "D:/Github/tt_ihp26a_ringosc_stdcell/src/ring_osc.v" Line 11. Module amm_inverter doesn't have a timescale but at least one module in design has a timescale.
WARNING: [XSIM 43-4099] "D:/Github/tt_ihp26a_ringosc_stdcell/src/ring_osc.v" Line 11. Module amm_inverter doesn't have a timescale but at least one module in design has a timescale.
WARNING: [XSIM 43-4099] "D:/Github/tt_ihp26a_ringosc_stdcell/src/ring_osc.v" Line 11. Module amm_inverter doesn't have a timescale but at least one module in design has a timescale.
WARNING: [XSIM 43-4099] "D:/Github/tt_ihp26a_ringosc_stdcell/src/ring_osc.v" Line 11. Module amm_inverter doesn't have a timescale but at least one module in design has a timescale.
WARNING: [XSIM 43-4099] "D:/Github/tt_ihp26a_ringosc_stdcell/src/ring_osc.v" Line 11. Module amm_inverter doesn't have a timescale but at least one module in design has a timescale.
WARNING: [XSIM 43-4099] "D:/Github/tt_ihp26a_ringosc_stdcell/src/ring_osc.v" Line 11. Module amm_inverter doesn't have a timescale but at least one module in design has a timescale.
WARNING: [XSIM 43-4099] "D:/Github/tt_ihp26a_ringosc_stdcell/src/ring_osc.v" Line 11. Module amm_inverter doesn't have a timescale but at least one module in design has a timescale.
WARNING: [XSIM 43-4099] "D:/Github/tt_ihp26a_ringosc_stdcell/src/ring_osc.v" Line 11. Module amm_inverter doesn't have a timescale but at least one module in design has a timescale.
WARNING: [XSIM 43-4099] "D:/Github/tt_ihp26a_ringosc_stdcell/src/ring_osc.v" Line 11. Module amm_inverter doesn't have a timescale but at least one module in design has a timescale.
WARNING: [XSIM 43-4099] "D:/Github/tt_ihp26a_ringosc_stdcell/src/ring_osc.v" Line 11. Module amm_inverter doesn't have a timescale but at least one module in design has a timescale.
WARNING: [XSIM 43-4099] "D:/Github/tt_ihp26a_ringosc_stdcell/src/ring_osc.v" Line 11. Module amm_inverter doesn't have a timescale but at least one module in design has a timescale.
WARNING: [XSIM 43-4099] "D:/Github/tt_ihp26a_ringosc_stdcell/src/ring_osc.v" Line 11. Module amm_inverter doesn't have a timescale but at least one module in design has a timescale.
WARNING: [XSIM 43-4099] "D:/Github/tt_ihp26a_ringosc_stdcell/src/ring_osc.v" Line 11. Module amm_inverter doesn't have a timescale but at least one module in design has a timescale.
WARNING: [XSIM 43-4099] "D:/Github/tt_ihp26a_ringosc_stdcell/src/ring_osc.v" Line 11. Module amm_inverter doesn't have a timescale but at least one module in design has a timescale.
WARNING: [XSIM 43-4099] "D:/Github/tt_ihp26a_ringosc_stdcell/src/ring_osc.v" Line 11. Module amm_inverter doesn't have a timescale but at least one module in design has a timescale.
WARNING: [XSIM 43-4099] "D:/Github/tt_ihp26a_ringosc_stdcell/src/ring_osc.v" Line 11. Module amm_inverter doesn't have a timescale but at least one module in design has a timescale.
WARNING: [XSIM 43-4099] "D:/Github/tt_ihp26a_ringosc_stdcell/src/ring_osc.v" Line 11. Module amm_inverter doesn't have a timescale but at least one module in design has a timescale.
WARNING: [XSIM 43-4099] "D:/Github/tt_ihp26a_ringosc_stdcell/src/ring_osc.v" Line 11. Module amm_inverter doesn't have a timescale but at least one module in design has a timescale.
WARNING: [XSIM 43-4099] "D:/Github/tt_ihp26a_ringosc_stdcell/src/ring_osc.v" Line 11. Module amm_inverter doesn't have a timescale but at least one module in design has a timescale.
WARNING: [XSIM 43-4099] "D:/Github/tt_ihp26a_ringosc_stdcell/src/ring_osc.v" Line 11. Module amm_inverter doesn't have a timescale but at least one module in design has a timescale.
WARNING: [XSIM 43-4099] "D:/Github/tt_ihp26a_ringosc_stdcell/src/ring_osc.v" Line 11. Module amm_inverter doesn't have a timescale but at least one module in design has a timescale.
WARNING: [XSIM 43-4099] "D:/Github/tt_ihp26a_ringosc_stdcell/src/ring_osc.v" Line 11. Module amm_inverter doesn't have a timescale but at least one module in design has a timescale.
WARNING: [XSIM 43-4099] "D:/Github/tt_ihp26a_ringosc_stdcell/src/ring_osc.v" Line 11. Module amm_inverter doesn't have a timescale but at least one module in design has a timescale.
WARNING: [XSIM 43-4099] "D:/Github/tt_ihp26a_ringosc_stdcell/src/ring_osc.v" Line 11. Module amm_inverter doesn't have a timescale but at least one module in design has a timescale.
WARNING: [XSIM 43-4099] "D:/Github/tt_ihp26a_ringosc_stdcell/src/ring_osc.v" Line 11. Module amm_inverter doesn't have a timescale but at least one module in design has a timescale.
WARNING: [XSIM 43-4099] "D:/Github/tt_ihp26a_ringosc_stdcell/src/ring_osc.v" Line 11. Module amm_inverter doesn't have a timescale but at least one module in design has a timescale.
WARNING: [XSIM 43-4099] "D:/Github/tt_ihp26a_ringosc_stdcell/src/ring_osc.v" Line 11. Module amm_inverter doesn't have a timescale but at least one module in design has a timescale.
WARNING: [XSIM 43-4099] "D:/Github/tt_ihp26a_ringosc_stdcell/src/ring_osc.v" Line 11. Module amm_inverter doesn't have a timescale but at least one module in design has a timescale.
WARNING: [XSIM 43-4099] "D:/Github/tt_ihp26a_ringosc_stdcell/src/ring_osc.v" Line 11. Module amm_inverter doesn't have a timescale but at least one module in design has a timescale.
WARNING: [XSIM 43-4099] "D:/Github/tt_ihp26a_ringosc_stdcell/src/ring_osc.v" Line 11. Module amm_inverter doesn't have a timescale but at least one module in design has a timescale.
WARNING: [XSIM 43-4099] "D:/Github/tt_ihp26a_ringosc_stdcell/src/ring_osc.v" Line 11. Module amm_inverter doesn't have a timescale but at least one module in design has a timescale.
WARNING: [XSIM 43-4099] "D:/Github/tt_ihp26a_ringosc_stdcell/src/ring_osc.v" Line 11. Module amm_inverter doesn't have a timescale but at least one module in design has a timescale.
WARNING: [XSIM 43-4099] "D:/Github/tt_ihp26a_ringosc_stdcell/src/ring_osc.v" Line 11. Module amm_inverter doesn't have a timescale but at least one module in design has a timescale.
WARNING: [XSIM 43-4099] "D:/Github/tt_ihp26a_ringosc_stdcell/src/ring_osc.v" Line 11. Module amm_inverter doesn't have a timescale but at least one module in design has a timescale.
WARNING: [XSIM 43-4099] "D:/Github/tt_ihp26a_ringosc_stdcell/src/ring_osc.v" Line 11. Module amm_inverter doesn't have a timescale but at least one module in design has a timescale.
WARNING: [XSIM 43-4099] "D:/Github/tt_ihp26a_ringosc_stdcell/src/ring_osc.v" Line 11. Module amm_inverter doesn't have a timescale but at least one module in design has a timescale.
WARNING: [XSIM 43-4099] "D:/Github/tt_ihp26a_ringosc_stdcell/src/ring_osc.v" Line 11. Module amm_inverter doesn't have a timescale but at least one module in design has a timescale.
WARNING: [XSIM 43-4099] "D:/Github/tt_ihp26a_ringosc_stdcell/src/ring_osc.v" Line 11. Module amm_inverter doesn't have a timescale but at least one module in design has a timescale.
WARNING: [XSIM 43-4099] "D:/Github/tt_ihp26a_ringosc_stdcell/src/ring_osc.v" Line 11. Module amm_inverter doesn't have a timescale but at least one module in design has a timescale.
WARNING: [XSIM 43-4099] "D:/Github/tt_ihp26a_ringosc_stdcell/src/ring_osc.v" Line 11. Module amm_inverter doesn't have a timescale but at least one module in design has a timescale.
WARNING: [XSIM 43-4099] "D:/Github/tt_ihp26a_ringosc_stdcell/src/ring_osc.v" Line 11. Module amm_inverter doesn't have a timescale but at least one module in design has a timescale.
WARNING: [XSIM 43-4099] "D:/Github/tt_ihp26a_ringosc_stdcell/src/ring_osc.v" Line 11. Module amm_inverter doesn't have a timescale but at least one module in design has a timescale.
WARNING: [XSIM 43-4099] "D:/Github/tt_ihp26a_ringosc_stdcell/src/ring_osc.v" Line 11. Module amm_inverter doesn't have a timescale but at least one module in design has a timescale.
WARNING: [XSIM 43-4099] "D:/Github/tt_ihp26a_ringosc_stdcell/src/ring_osc.v" Line 11. Module amm_inverter doesn't have a timescale but at least one module in design has a timescale.
WARNING: [XSIM 43-4099] "D:/Github/tt_ihp26a_ringosc_stdcell/src/ring_osc.v" Line 11. Module amm_inverter doesn't have a timescale but at least one module in design has a timescale.
WARNING: [XSIM 43-4099] "D:/Github/tt_ihp26a_ringosc_stdcell/src/ring_osc.v" Line 11. Module amm_inverter doesn't have a timescale but at least one module in design has a timescale.
WARNING: [XSIM 43-4099] "D:/Github/tt_ihp26a_ringosc_stdcell/src/ring_osc.v" Line 11. Module amm_inverter doesn't have a timescale but at least one module in design has a timescale.
WARNING: [XSIM 43-4099] "D:/Github/tt_ihp26a_ringosc_stdcell/src/ring_osc.v" Line 11. Module amm_inverter doesn't have a timescale but at least one module in design has a timescale.
WARNING: [XSIM 43-4099] "D:/Github/tt_ihp26a_ringosc_stdcell/src/ring_osc.v" Line 11. Module amm_inverter doesn't have a timescale but at least one module in design has a timescale.
WARNING: [XSIM 43-4099] "D:/Github/tt_ihp26a_ringosc_stdcell/src/ring_osc.v" Line 11. Module amm_inverter doesn't have a timescale but at least one module in design has a timescale.
WARNING: [XSIM 43-4099] "D:/Github/tt_ihp26a_ringosc_stdcell/src/ring_osc.v" Line 11. Module amm_inverter doesn't have a timescale but at least one module in design has a timescale.
WARNING: [XSIM 43-4099] "D:/Github/tt_ihp26a_ringosc_stdcell/src/ring_osc.v" Line 11. Module amm_inverter doesn't have a timescale but at least one module in design has a timescale.
WARNING: [XSIM 43-4099] "D:/Github/tt_ihp26a_ringosc_stdcell/src/ring_osc.v" Line 11. Module amm_inverter doesn't have a timescale but at least one module in design has a timescale.
WARNING: [XSIM 43-4099] "D:/Github/tt_ihp26a_ringosc_stdcell/src/ring_osc.v" Line 11. Module amm_inverter doesn't have a timescale but at least one module in design has a timescale.
WARNING: [XSIM 43-4099] "D:/Github/tt_ihp26a_ringosc_stdcell/src/ring_osc.v" Line 11. Module amm_inverter doesn't have a timescale but at least one module in design has a timescale.
WARNING: [XSIM 43-4099] "D:/Github/tt_ihp26a_ringosc_stdcell/src/ring_osc.v" Line 11. Module amm_inverter doesn't have a timescale but at least one module in design has a timescale.
WARNING: [XSIM 43-4099] "D:/Github/tt_ihp26a_ringosc_stdcell/src/ring_osc.v" Line 11. Module amm_inverter doesn't have a timescale but at least one module in design has a timescale.
WARNING: [XSIM 43-4099] "D:/Github/tt_ihp26a_ringosc_stdcell/src/ring_osc.v" Line 11. Module amm_inverter doesn't have a timescale but at least one module in design has a timescale.
WARNING: [XSIM 43-4099] "D:/Github/tt_ihp26a_ringosc_stdcell/src/ring_osc.v" Line 11. Module amm_inverter doesn't have a timescale but at least one module in design has a timescale.
WARNING: [XSIM 43-4099] "D:/Github/tt_ihp26a_ringosc_stdcell/src/ring_osc.v" Line 11. Module amm_inverter doesn't have a timescale but at least one module in design has a timescale.
WARNING: [XSIM 43-4099] "D:/Github/tt_ihp26a_ringosc_stdcell/src/ring_osc.v" Line 11. Module amm_inverter doesn't have a timescale but at least one module in design has a timescale.
WARNING: [XSIM 43-4099] "D:/Github/tt_ihp26a_ringosc_stdcell/src/ring_osc.v" Line 11. Module amm_inverter doesn't have a timescale but at least one module in design has a timescale.
WARNING: [XSIM 43-4099] "D:/Github/tt_ihp26a_ringosc_stdcell/src/ring_osc.v" Line 11. Module amm_inverter doesn't have a timescale but at least one module in design has a timescale.
WARNING: [XSIM 43-4099] "D:/Github/tt_ihp26a_ringosc_stdcell/src/ring_osc.v" Line 11. Module amm_inverter doesn't have a timescale but at least one module in design has a timescale.
WARNING: [XSIM 43-4099] "D:/Github/tt_ihp26a_ringosc_stdcell/src/ring_osc.v" Line 11. Module amm_inverter doesn't have a timescale but at least one module in design has a timescale.
WARNING: [XSIM 43-4099] "D:/Github/tt_ihp26a_ringosc_stdcell/src/ring_osc.v" Line 11. Module amm_inverter doesn't have a timescale but at least one module in design has a timescale.
WARNING: [XSIM 43-4099] "D:/Github/tt_ihp26a_ringosc_stdcell/src/ring_osc.v" Line 11. Module amm_inverter doesn't have a timescale but at least one module in design has a timescale.
WARNING: [XSIM 43-4099] "D:/Github/tt_ihp26a_ringosc_stdcell/src/ring_osc.v" Line 11. Module amm_inverter doesn't have a timescale but at least one module in design has a timescale.
WARNING: [XSIM 43-4099] "D:/Github/tt_ihp26a_ringosc_stdcell/src/ring_osc.v" Line 11. Module amm_inverter doesn't have a timescale but at least one module in design has a timescale.
INFO: [Common 17-14] Message 'XSIM 43-4099' appears 100 times and further instances of the messages will be disabled. Use the Tcl command set_msg_config to change the current settings.
Completed simulation data flow analysis
Time Resolution for simulation is 1ps
Compiling module xil_defaultlib.sg13g2_inv_1
Compiling module xil_defaultlib.amm_inverter
Compiling module xil_defaultlib.ring_osc(DEPTH=1)
Compiling module xil_defaultlib.ring_osc(DEPTH=62)
Compiling module xil_defaultlib.ring_osc(DEPTH=250)
Compiling module xil_defaultlib.ring_osc_default
Compiling module xil_defaultlib.tt_um_ihp26a_ring_osc
Compiling module xil_defaultlib.tb_tt_um_ihp26a_ring_osc
Compiling module xil_defaultlib.glbl
Built simulation snapshot tb_tt_um_ihp26a_ring_osc_behav
